<?xml version="1.0" encoding="UTF-8" ?>
<testsuite tests="5" failures="1" name="task1.services.ShapeServiceTest" time="1.69" errors="0" skipped="0">
  <properties>
[...]
</properties>
  <testcase classname="task1.services.ShapeServiceTest" name="exportFromJsonTest" time="1.584">
    <failure message="expected:&lt;[{&quot;type&quot;:&quot;Rectangle&quot;,&quot;length&quot;:1.0,&quot;width&quot;:1.0}]&gt; but was:&lt;[{&quot;length&quot;:1.0,&quot;width&quot;:1.0}]&gt;" type="java.lang.AssertionError">java.lang.AssertionError: expected:&lt;[{&quot;type&quot;:&quot;Rectangle&quot;,&quot;length&quot;:1.0,&quot;width&quot;:1.0}]&gt; but was:&lt;[{&quot;length&quot;:1.0,&quot;width&quot;:1.0}]&gt;
	at org.junit.Assert.fail(Assert.java:89)
	at org.junit.Assert.failNotEquals(Assert.java:835)
	at org.junit.Assert.assertEquals(Assert.java:120)
	at org.junit.Assert.assertEquals(Assert.java:146)
	at task1.services.ShapeServiceTest.exportFromJsonTest(ShapeServiceTest.java:111)
	at java.base/jdk.internal.reflect.DirectMethodHandleAccessor.invoke(DirectMethodHandleAccessor.java:104)
	at java.base/java.lang.reflect.Method.invoke(Method.java:577)
	at org.junit.runners.model.FrameworkMethod$1.runReflectiveCall(FrameworkMethod.java:59)
	at org.junit.internal.runners.model.ReflectiveCallable.run(ReflectiveCallable.java:12)
	at org.junit.runners.model.FrameworkMethod.invokeExplosively(FrameworkMethod.java:56)
	at org.junit.internal.runners.statements.InvokeMethod.evaluate(InvokeMethod.java:17)
	at org.junit.internal.runners.statements.RunBefores.evaluate(RunBefores.java:26)
	at org.junit.runners.ParentRunner$3.evaluate(ParentRunner.java:306)
	at org.junit.runners.BlockJUnit4ClassRunner$1.evaluate(BlockJUnit4ClassRunner.java:100)
	at org.junit.runners.ParentRunner.runLeaf(ParentRunner.java:366)
	at org.junit.runners.BlockJUnit4ClassRunner.runChild(BlockJUnit4ClassRunner.java:103)
	at org.junit.runners.BlockJUnit4ClassRunner.runChild(BlockJUnit4ClassRunner.java:63)
	at org.junit.runners.ParentRunner$4.run(ParentRunner.java:331)
	at org.junit.runners.ParentRunner$1.schedule(ParentRunner.java:79)
	at org.junit.runners.ParentRunner.runChildren(ParentRunner.java:329)
	at org.junit.runners.ParentRunner.access$100(ParentRunner.java:66)
	at org.junit.runners.ParentRunner$2.evaluate(ParentRunner.java:293)
	at org.junit.runners.ParentRunner$3.evaluate(ParentRunner.java:306)
	at org.junit.runners.ParentRunner.run(ParentRunner.java:413)
	at org.apache.maven.surefire.junit4.JUnit4Provider.execute(JUnit4Provider.java:252)
	at org.apache.maven.surefire.junit4.JUnit4Provider.executeTestSet(JUnit4Provider.java:141)
	at org.apache.maven.surefire.junit4.JUnit4Provider.invoke(JUnit4Provider.java:112)
	at java.base/jdk.internal.reflect.DirectMethodHandleAccessor.invoke(DirectMethodHandleAccessor.java:104)
	at java.base/java.lang.reflect.Method.invoke(Method.java:577)
	at org.apache.maven.surefire.util.ReflectionUtils.invokeMethodWithArray(ReflectionUtils.java:189)
	at org.apache.maven.surefire.booter.ProviderFactory$ProviderProxy.invoke(ProviderFactory.java:165)
	at org.apache.maven.surefire.booter.ProviderFactory.invokeProvider(ProviderFactory.java:85)
	at org.apache.maven.surefire.booter.ForkedBooter.runSuitesInProcess(ForkedBooter.java:115)
	at org.apache.maven.surefire.booter.ForkedBooter.main(ForkedBooter.java:75)
</failure>
  </testcase>
  <testcase classname="task1.services.ShapeServiceTest" name="shouldReturnNoSuchElementExceptionWhenInputDataOfShapeTypeIsIncorrect" time="0.037"/>
  <testcase classname="task1.services.ShapeServiceTest" name="shouldReturnShapeWithLargestArea" time="0.006"/>
  <testcase classname="task1.services.ShapeServiceTest" name="shouldReturnShapeWithLargestPerimeterAndSpecificTypeOfShape" time="0.001"/>
  <testcase classname="task1.services.ShapeServiceTest" name="importFromJsonTest" time="0.062"/>
</testsuite>